<?xml version="1.0" encoding="UTF-8"?>
<testng-results ignored="0" total="3" passed="3" failed="0" skipped="0">
  <reporter-output>
  </reporter-output>
  <suite started-at="2022-03-31T15:02:53 IST" name="Default suite" finished-at="2022-03-31T15:03:50 IST" duration-ms="56963">
    <groups>
    </groups>
    <test started-at="2022-03-31T15:02:53 IST" name="Default test" finished-at="2022-03-31T15:03:50 IST" duration-ms="56963">
      <class name="com.TestNG.BasicNG">
        <test-method is-config="true" signature="beforeTest()[pri:0, instance:com.TestNG.BasicNG@66498326]" started-at="2022-03-31T15:02:53 IST" name="beforeTest" finished-at="2022-03-31T15:02:59 IST" duration-ms="6746" status="PASS">
          <reporter-output>
          </reporter-output>
        </test-method> <!-- beforeTest -->
        <test-method signature="f2()[pri:-2, instance:com.TestNG.BasicNG@66498326]" started-at="2022-03-31T15:02:59 IST" name="f2" finished-at="2022-03-31T15:03:18 IST" duration-ms="18675" status="PASS">
          <reporter-output>
          </reporter-output>
        </test-method> <!-- f2 -->
        <test-method signature="f()[pri:-1, instance:com.TestNG.BasicNG@66498326]" started-at="2022-03-31T15:03:18 IST" name="f" finished-at="2022-03-31T15:03:23 IST" duration-ms="5360" status="PASS">
          <reporter-output>
          </reporter-output>
        </test-method> <!-- f -->
        <test-method signature="f1()[pri:1, instance:com.TestNG.BasicNG@66498326]" started-at="2022-03-31T15:03:23 IST" name="f1" finished-at="2022-03-31T15:03:35 IST" duration-ms="11908" status="PASS">
          <reporter-output>
          </reporter-output>
        </test-method> <!-- f1 -->
        <test-method is-config="true" signature="afterTest()[pri:0, instance:com.TestNG.BasicNG@66498326]" started-at="2022-03-31T15:03:35 IST" name="afterTest" finished-at="2022-03-31T15:03:50 IST" duration-ms="14197" status="PASS">
          <reporter-output>
          </reporter-output>
        </test-method> <!-- afterTest -->
      </class> <!-- com.TestNG.BasicNG -->
    </test> <!-- Default test -->
  </suite> <!-- Default suite -->
</testng-results>
